2013-01-24 15:34:34 Debug: Notice (1024): Please change the value of 'Security.salt' in app/config/core.php to a salt value specific to your application in [F:\xampp\htdocs\cakephp\cake\libs\debugger.php, line 697]
2013-01-24 15:34:34 Debug: Notice (1024): Please change the value of 'Security.cipherSeed' in app/config/core.php to a numeric (digits only) seed value specific to your application in [F:\xampp\htdocs\cakephp\cake\libs\debugger.php, line 701]
2013-01-24 15:34:52 Debug: Notice (1024): Please change the value of 'Security.salt' in app/config/core.php to a salt value specific to your application in [F:\xampp\htdocs\cakephp\cake\libs\debugger.php, line 697]
2013-01-24 15:34:52 Debug: Notice (1024): Please change the value of 'Security.cipherSeed' in app/config/core.php to a numeric (digits only) seed value specific to your application in [F:\xampp\htdocs\cakephp\cake\libs\debugger.php, line 701]
2013-01-24 16:00:08 Debug: Notice (1024): Please change the value of 'Security.salt' in app/config/core.php to a salt value specific to your application in [F:\xampp\htdocs\cakephp\cake\libs\debugger.php, line 697]
2013-01-24 16:00:08 Debug: Notice (1024): Please change the value of 'Security.cipherSeed' in app/config/core.php to a numeric (digits only) seed value specific to your application in [F:\xampp\htdocs\cakephp\cake\libs\debugger.php, line 701]
2013-01-24 18:13:33 Debug: Notice (8): Undefined variable: posts in [F:\xampp\htdocs\cakephp\app\views\posts\index.ctp, line 11]
2013-01-24 18:15:07 Debug: Notice (8): Undefined property: View::$Htmk in [F:\xampp\htdocs\cakephp\app\views\posts\index.ctp, line 18]
2013-03-05 09:20:53 Debug: Notice (8): Undefined variable: ssid in [F:\xampp\htdocs\QLCV_TTC\app\views\layouts\default.ctp, line 97]
2013-03-05 09:21:57 Debug: Notice (8): Undefined variable: ssid in [F:\xampp\htdocs\QLCV_TTC\app\views\pages\home.ctp, line 6]
2013-03-05 09:21:57 Debug: Notice (8): Undefined variable: logs in [F:\xampp\htdocs\QLCV_TTC\app\views\pages\home.ctp, line 9]
2013-03-05 09:21:57 Debug: Notice (8): Undefined variable: logs in [F:\xampp\htdocs\QLCV_TTC\app\views\pages\home.ctp, line 12]
2013-03-05 09:21:57 Debug: Notice (8): Undefined variable: ssid in [F:\xampp\htdocs\QLCV_TTC\app\views\layouts\default.ctp, line 97]
2013-03-05 09:21:59 Debug: Notice (8): Undefined variable: ssid in [F:\xampp\htdocs\QLCV_TTC\app\views\layouts\default.ctp, line 97]
2013-03-05 09:22:52 Debug: Notice (8): Undefined variable: ssid in [F:\xampp\htdocs\QLCV_TTC\app\views\pages\home.ctp, line 6]
2013-03-05 09:22:52 Debug: Notice (8): Undefined variable: logs in [F:\xampp\htdocs\QLCV_TTC\app\views\pages\home.ctp, line 9]
2013-03-05 09:22:52 Debug: Notice (8): Undefined variable: logs in [F:\xampp\htdocs\QLCV_TTC\app\views\pages\home.ctp, line 12]
2013-03-05 09:22:52 Debug: Notice (8): Undefined variable: ssid in [F:\xampp\htdocs\QLCV_TTC\app\views\layouts\default.ctp, line 97]
2013-03-05 09:22:57 Debug: Notice (8): Undefined variable: ssid in [F:\xampp\htdocs\QLCV_TTC\app\views\layouts\default.ctp, line 97]
2013-03-05 09:26:20 Debug: Notice (8): Undefined variable: ssid in [F:\xampp\htdocs\QLCV_TTC\app\views\layouts\default.ctp, line 97]
2013-03-05 09:31:54 Debug: Notice (8): Undefined variable: ssid in [F:\xampp\htdocs\QLCV_TTC\app\views\layouts\default.ctp, line 97]
2013-03-05 09:32:00 Debug: Notice (8): Undefined variable: ssid in [F:\xampp\htdocs\QLCV_TTC\app\views\pages\home.ctp, line 6]
2013-03-05 09:32:00 Debug: Notice (8): Undefined variable: logs in [F:\xampp\htdocs\QLCV_TTC\app\views\pages\home.ctp, line 9]
2013-03-05 09:32:00 Debug: Notice (8): Undefined variable: logs in [F:\xampp\htdocs\QLCV_TTC\app\views\pages\home.ctp, line 12]
2013-03-05 09:32:00 Debug: Notice (8): Undefined variable: ssid in [F:\xampp\htdocs\QLCV_TTC\app\views\layouts\default.ctp, line 97]
2013-03-05 09:32:42 Debug: Notice (8): Undefined variable: ssid in [F:\xampp\htdocs\QLCV_TTC\app\views\layouts\default.ctp, line 97]
2013-03-05 09:35:17 Debug: Notice (8): Undefined variable: ssid in [F:\xampp\htdocs\QLCV_TTC\app\views\layouts\default.ctp, line 97]
2013-03-05 09:36:05 Debug: Notice (8): Undefined variable: ssid in [F:\xampp\htdocs\QLCV_TTC\app\views\layouts\default.ctp, line 97]
2013-03-05 09:36:32 Debug: Notice (8): Undefined variable: ssid in [F:\xampp\htdocs\QLCV_TTC\app\views\layouts\default.ctp, line 97]
2013-03-05 09:37:19 Debug: Notice (8): Undefined variable: ssid in [F:\xampp\htdocs\QLCV_TTC\app\views\layouts\default.ctp, line 97]
2013-03-05 09:45:52 Debug: Notice (8): Undefined variable: password in [F:\xampp\htdocs\QLCV_TTC\cake\libs\controller\components\auth.php, line 945]
2013-03-05 09:46:58 Debug: Notice (8): Undefined variable: password in [F:\xampp\htdocs\QLCV_TTC\cake\libs\controller\components\auth.php, line 945]
2013-03-05 09:47:34 Debug: Notice (8): Undefined variable: password in [F:\xampp\htdocs\QLCV_TTC\cake\libs\controller\components\auth.php, line 945]
2013-03-05 09:50:44 Debug: Notice (8): Undefined variable: password in [F:\xampp\htdocs\QLCV_TTC\cake\libs\controller\components\auth.php, line 945]
2013-03-05 09:52:04 Debug: Notice (8): Undefined variable: password in [F:\xampp\htdocs\QLCV_TTC\cake\libs\controller\components\auth.php, line 945]
2013-03-05 09:55:22 Debug: Notice (8): Undefined variable: password in [F:\xampp\htdocs\QLCV_TTC\cake\libs\controller\components\auth.php, line 945]
2013-03-05 09:58:00 Debug: Notice (8): Undefined index: fullname in [F:\xampp\htdocs\QLCV_TTC\app\views\pages\home.ctp, line 6]
2013-03-05 09:58:00 Debug: Notice (8): Undefined index: fullname in [F:\xampp\htdocs\QLCV_TTC\app\views\layouts\default.ctp, line 97]
2013-03-05 09:58:19 Debug: Notice (8): Undefined index: fullname in [F:\xampp\htdocs\QLCV_TTC\app\views\pages\home.ctp, line 6]
2013-03-05 09:58:19 Debug: Notice (8): Undefined index: fullname in [F:\xampp\htdocs\QLCV_TTC\app\views\layouts\default.ctp, line 97]
2013-03-05 09:58:21 Debug: Notice (8): Undefined variable: ssid in [F:\xampp\htdocs\QLCV_TTC\app\views\layouts\default.ctp, line 97]
2013-03-05 09:58:27 Debug: Notice (8): Undefined index: fullname in [F:\xampp\htdocs\QLCV_TTC\app\views\pages\home.ctp, line 6]
2013-03-05 09:58:27 Debug: Notice (8): Undefined index: fullname in [F:\xampp\htdocs\QLCV_TTC\app\views\layouts\default.ctp, line 97]
2013-03-05 09:59:28 Debug: Notice (8): Undefined index: fullname in [F:\xampp\htdocs\QLCV_TTC\app\views\pages\home.ctp, line 6]
2013-03-05 09:59:28 Debug: Notice (8): Undefined index: fullname in [F:\xampp\htdocs\QLCV_TTC\app\views\layouts\default.ctp, line 97]
2013-03-05 09:59:38 Debug: Notice (8): Undefined index: fullname in [F:\xampp\htdocs\QLCV_TTC\app\views\pages\home.ctp, line 6]
2013-03-05 09:59:38 Debug: Notice (8): Undefined index: fullname in [F:\xampp\htdocs\QLCV_TTC\app\views\layouts\default.ctp, line 97]
2013-03-05 10:09:14 Debug: Notice (8): Undefined index: fullname in [F:\xampp\htdocs\QLCV_TTC\app\views\pages\home.ctp, line 6]
2013-03-05 10:09:14 Debug: Notice (8): Undefined index: fullname in [F:\xampp\htdocs\QLCV_TTC\app\views\layouts\default.ctp, line 97]
2013-03-05 10:09:29 Debug: Notice (8): Undefined index: fullname in [F:\xampp\htdocs\QLCV_TTC\app\views\pages\home.ctp, line 6]
2013-03-05 10:09:29 Debug: Notice (8): Undefined index: fullname in [F:\xampp\htdocs\QLCV_TTC\app\views\layouts\default.ctp, line 97]
2013-03-05 10:10:37 Debug: Notice (8): Undefined index: fullname in [F:\xampp\htdocs\QLCV_TTC\app\views\pages\home.ctp, line 6]
2013-03-05 10:10:37 Debug: Notice (8): Undefined index: fullname in [F:\xampp\htdocs\QLCV_TTC\app\views\layouts\default.ctp, line 97]
2013-03-05 10:10:56 Debug: Notice (8): Undefined index: fullname in [F:\xampp\htdocs\QLCV_TTC\app\views\pages\home.ctp, line 6]
2013-03-05 10:10:57 Debug: Notice (8): Undefined index: fullname in [F:\xampp\htdocs\QLCV_TTC\app\views\layouts\default.ctp, line 97]
2013-03-05 10:11:33 Debug: Notice (8): Undefined index: fullname in [F:\xampp\htdocs\QLCV_TTC\app\views\pages\home.ctp, line 6]
2013-03-05 10:11:33 Debug: Notice (8): Undefined index: fullname in [F:\xampp\htdocs\QLCV_TTC\app\views\layouts\default.ctp, line 97]
2013-03-05 10:12:47 Debug: Notice (8): Undefined index: fullname in [F:\xampp\htdocs\QLCV_TTC\app\views\pages\home.ctp, line 6]
2013-03-05 10:12:47 Debug: Notice (8): Undefined index: fullname in [F:\xampp\htdocs\QLCV_TTC\app\views\layouts\default.ctp, line 97]
2013-03-05 10:14:28 Debug: Notice (8): Undefined index: fullname in [F:\xampp\htdocs\QLCV_TTC\app\views\pages\home.ctp, line 6]
2013-03-05 10:14:28 Debug: Notice (8): Undefined index: fullname in [F:\xampp\htdocs\QLCV_TTC\app\views\layouts\default.ctp, line 97]
2013-03-05 10:14:29 Debug: Notice (8): Undefined variable: ssid in [F:\xampp\htdocs\QLCV_TTC\app\views\layouts\default.ctp, line 97]
2013-03-05 10:15:07 Debug: Notice (8): Undefined index: fullname in [F:\xampp\htdocs\QLCV_TTC\app\views\pages\home.ctp, line 6]
2013-03-05 10:15:07 Debug: Notice (8): Undefined index: fullname in [F:\xampp\htdocs\QLCV_TTC\app\views\layouts\default.ctp, line 97]
2013-03-05 10:15:08 Debug: Notice (8): Undefined variable: ssid in [F:\xampp\htdocs\QLCV_TTC\app\views\layouts\default.ctp, line 97]
2013-03-05 10:15:50 Debug: Notice (8): Undefined index: fullname in [F:\xampp\htdocs\QLCV_TTC\app\views\pages\home.ctp, line 6]
2013-03-05 10:15:50 Debug: Notice (8): Undefined index: fullname in [F:\xampp\htdocs\QLCV_TTC\app\views\layouts\default.ctp, line 97]
2013-03-05 10:16:33 Debug: Notice (8): Undefined index: fullname in [F:\xampp\htdocs\QLCV_TTC\app\views\pages\home.ctp, line 6]
2013-03-05 10:16:33 Debug: Notice (8): Undefined index: fullname in [F:\xampp\htdocs\QLCV_TTC\app\views\layouts\default.ctp, line 97]
2013-03-05 10:16:35 Debug: Notice (8): Undefined variable: ssid in [F:\xampp\htdocs\QLCV_TTC\app\views\layouts\default.ctp, line 97]
2013-03-05 10:16:46 Debug: Notice (8): Undefined index: fullname in [F:\xampp\htdocs\QLCV_TTC\app\views\pages\home.ctp, line 6]
2013-03-05 10:16:46 Debug: Notice (8): Undefined index: fullname in [F:\xampp\htdocs\QLCV_TTC\app\views\layouts\default.ctp, line 97]
2013-03-05 10:17:10 Debug: Notice (8): Undefined index: fullname in [F:\xampp\htdocs\QLCV_TTC\app\views\pages\home.ctp, line 6]
2013-03-05 10:17:10 Debug: Notice (8): Undefined index: fullname in [F:\xampp\htdocs\QLCV_TTC\app\views\layouts\default.ctp, line 97]
2013-03-05 10:17:11 Debug: Notice (8): Undefined variable: ssid in [F:\xampp\htdocs\QLCV_TTC\app\views\layouts\default.ctp, line 97]
2013-03-05 10:17:11 Debug: Notice (8): Undefined variable: ssid in [F:\xampp\htdocs\QLCV_TTC\app\views\layouts\default.ctp, line 97]
2013-03-05 10:17:23 Debug: Notice (8): Undefined index: fullname in [F:\xampp\htdocs\QLCV_TTC\app\views\pages\home.ctp, line 6]
2013-03-05 10:17:23 Debug: Notice (8): Undefined index: fullname in [F:\xampp\htdocs\QLCV_TTC\app\views\layouts\default.ctp, line 97]
2013-03-05 10:17:43 Debug: Notice (8): Undefined index: fullname in [F:\xampp\htdocs\QLCV_TTC\app\views\pages\home.ctp, line 6]
2013-03-05 10:17:43 Debug: Notice (8): Undefined index: fullname in [F:\xampp\htdocs\QLCV_TTC\app\views\layouts\default.ctp, line 97]
2013-03-05 10:17:44 Debug: Notice (8): Undefined variable: ssid in [F:\xampp\htdocs\QLCV_TTC\app\views\layouts\default.ctp, line 97]
2013-03-05 10:17:45 Debug: Notice (8): Undefined variable: ssid in [F:\xampp\htdocs\QLCV_TTC\app\views\layouts\default.ctp, line 97]
2013-03-05 10:20:41 Debug: Notice (8): Undefined index: fullname in [F:\xampp\htdocs\QLCV_TTC\app\views\pages\home.ctp, line 6]
2013-03-05 10:20:41 Debug: Notice (8): Undefined index: fullname in [F:\xampp\htdocs\QLCV_TTC\app\views\layouts\default.ctp, line 97]
2013-03-05 10:25:19 Debug: Notice (8): Undefined index: fullname in [F:\xampp\htdocs\QLCV_TTC\app\views\pages\home.ctp, line 6]
2013-03-05 10:25:19 Debug: Notice (8): Undefined index: fullname in [F:\xampp\htdocs\QLCV_TTC\app\views\layouts\default.ctp, line 97]
2013-03-05 10:26:18 Debug: Notice (8): Undefined index: fullname in [F:\xampp\htdocs\QLCV_TTC\app\views\pages\home.ctp, line 6]
2013-03-05 10:26:18 Debug: Notice (8): Undefined index: fullname in [F:\xampp\htdocs\QLCV_TTC\app\views\layouts\default.ctp, line 97]
2013-03-05 10:28:06 Debug: Notice (8): Undefined index: fullname in [F:\xampp\htdocs\QLCV_TTC\app\views\pages\home.ctp, line 6]
2013-03-05 10:28:06 Debug: Notice (8): Undefined index: fullname in [F:\xampp\htdocs\QLCV_TTC\app\views\layouts\default.ctp, line 97]
2013-03-05 10:28:27 Debug: Notice (8): Undefined index: fullname in [F:\xampp\htdocs\QLCV_TTC\app\views\pages\home.ctp, line 6]
2013-03-05 10:28:27 Debug: Notice (8): Undefined index: fullname in [F:\xampp\htdocs\QLCV_TTC\app\views\layouts\default.ctp, line 97]
2013-03-05 12:47:14 Debug: Notice (8): Undefined index: fullname in [F:\xampp\htdocs\QLCV_TTC\app\views\pages\home.ctp, line 6]
2013-03-05 12:47:15 Debug: Notice (8): Undefined index: fullname in [F:\xampp\htdocs\QLCV_TTC\app\views\layouts\default.ctp, line 97]
2013-03-05 12:52:37 Debug: Notice (8): Undefined variable: password in [F:\xampp\htdocs\QLCV_TTC\cake\libs\controller\components\auth.php, line 945]
2013-03-05 12:52:59 Debug: Notice (8): Undefined variable: password in [F:\xampp\htdocs\QLCV_TTC\cake\libs\controller\components\auth.php, line 945]
2013-03-05 12:53:13 Debug: Notice (8): Undefined variable: password in [F:\xampp\htdocs\QLCV_TTC\cake\libs\controller\components\auth.php, line 945]
2013-03-05 13:02:25 Debug: Notice (8): Undefined index: fullname in [F:\xampp\htdocs\QLCV_TTC\app\views\layouts\default.ctp, line 97]
2013-03-05 13:02:27 Debug: Notice (8): Undefined variable: ssid in [F:\xampp\htdocs\QLCV_TTC\app\views\layouts\default.ctp, line 97]
2013-03-05 13:04:22 Debug: Notice (8): Undefined index: fullname in [F:\xampp\htdocs\QLCV_TTC\app\views\pages\home.ctp, line 6]
2013-03-05 13:04:22 Debug: Notice (8): Undefined variable: logs in [F:\xampp\htdocs\QLCV_TTC\app\views\pages\home.ctp, line 9]
2013-03-05 13:04:22 Debug: Notice (8): Undefined variable: logs in [F:\xampp\htdocs\QLCV_TTC\app\views\pages\home.ctp, line 12]
2013-03-05 13:04:22 Debug: Notice (8): Undefined index: fullname in [F:\xampp\htdocs\QLCV_TTC\app\views\layouts\default.ctp, line 97]
2013-03-05 13:04:22 Debug: Notice (8): Undefined variable: ssid in [F:\xampp\htdocs\QLCV_TTC\app\views\layouts\default.ctp, line 97]
2013-03-05 13:04:23 Debug: Notice (8): Undefined variable: ssid in [F:\xampp\htdocs\QLCV_TTC\app\views\layouts\default.ctp, line 97]
2013-03-05 13:04:45 Debug: Notice (8): Undefined index: fullname in [F:\xampp\htdocs\QLCV_TTC\app\views\pages\home.ctp, line 6]
2013-03-05 13:04:45 Debug: Notice (8): Undefined index: fullname in [F:\xampp\htdocs\QLCV_TTC\app\views\layouts\default.ctp, line 97]
2013-03-05 13:04:46 Debug: Notice (8): Undefined variable: ssid in [F:\xampp\htdocs\QLCV_TTC\app\views\layouts\default.ctp, line 97]
2013-03-05 13:04:53 Debug: Notice (8): Undefined index: fullname in [F:\xampp\htdocs\QLCV_TTC\app\views\layouts\default.ctp, line 97]
2013-03-05 13:04:54 Debug: Notice (8): Undefined variable: ssid in [F:\xampp\htdocs\QLCV_TTC\app\views\layouts\default.ctp, line 97]
2013-03-05 13:05:40 Debug: Notice (8): Undefined index: fullname in [F:\xampp\htdocs\QLCV_TTC\app\views\layouts\default.ctp, line 97]
2013-03-05 13:05:42 Debug: Notice (8): Undefined variable: ssid in [F:\xampp\htdocs\QLCV_TTC\app\views\layouts\default.ctp, line 97]
2013-03-05 13:05:48 Debug: Notice (8): Undefined index: fullname in [F:\xampp\htdocs\QLCV_TTC\app\views\layouts\default.ctp, line 97]
2013-03-05 13:05:49 Debug: Notice (8): Undefined variable: ssid in [F:\xampp\htdocs\QLCV_TTC\app\views\layouts\default.ctp, line 97]
2013-03-05 13:06:01 Debug: Notice (8): Undefined index: fullname in [F:\xampp\htdocs\QLCV_TTC\app\views\layouts\default.ctp, line 97]
2013-03-05 13:06:02 Debug: Notice (8): Undefined variable: ssid in [F:\xampp\htdocs\QLCV_TTC\app\views\layouts\default.ctp, line 97]
2013-03-05 13:08:21 Debug: Notice (8): Undefined variable: ssid in [F:\xampp\htdocs\QLCV_TTC\app\views\layouts\default.ctp, line 97]
2013-03-05 13:08:38 Debug: Notice (8): Undefined variable: ssid in [F:\xampp\htdocs\QLCV_TTC\app\views\layouts\default.ctp, line 97]
2013-03-05 13:09:04 Debug: Notice (8): Undefined variable: ssid in [F:\xampp\htdocs\QLCV_TTC\app\views\layouts\default.ctp, line 97]
2013-03-05 13:12:04 Debug: Notice (8): Undefined variable: ssid in [F:\xampp\htdocs\QLCV_TTC\app\views\layouts\default.ctp, line 97]
2013-03-05 13:12:06 Debug: Notice (8): Undefined variable: ssid in [F:\xampp\htdocs\QLCV_TTC\app\views\layouts\default.ctp, line 97]
2013-03-05 13:13:23 Debug: Notice (8): Undefined variable: ssid in [F:\xampp\htdocs\QLCV_TTC\app\views\layouts\default.ctp, line 97]
2013-03-05 13:13:28 Debug: Notice (8): Undefined variable: ssid in [F:\xampp\htdocs\QLCV_TTC\app\views\layouts\default.ctp, line 97]
2013-03-05 13:13:35 Debug: Notice (8): Undefined variable: ssid in [F:\xampp\htdocs\QLCV_TTC\app\views\layouts\default.ctp, line 97]
2013-03-05 13:13:36 Debug: Notice (8): Undefined variable: ssid in [F:\xampp\htdocs\QLCV_TTC\app\views\layouts\default.ctp, line 97]
2013-03-05 13:13:40 Debug: Notice (8): Undefined variable: ssid in [F:\xampp\htdocs\QLCV_TTC\app\views\layouts\default.ctp, line 97]
2013-03-05 13:53:08 Debug: Notice (8): Undefined variable: ssid in [F:\xampp\htdocs\QLCV_TTC\app\views\layouts\default.ctp, line 97]
2013-03-05 13:53:19 Debug: Notice (8): Undefined variable: ssid in [F:\xampp\htdocs\QLCV_TTC\app\views\layouts\default.ctp, line 97]
2013-03-05 13:53:32 Debug: Notice (8): Undefined variable: ssid in [F:\xampp\htdocs\QLCV_TTC\app\views\layouts\default.ctp, line 97]
2013-03-05 13:53:33 Debug: Notice (8): Undefined variable: ssid in [F:\xampp\htdocs\QLCV_TTC\app\views\layouts\default.ctp, line 97]
2013-03-05 13:53:39 Debug: Notice (8): Undefined variable: ssid in [F:\xampp\htdocs\QLCV_TTC\app\views\layouts\default.ctp, line 97]
2013-03-06 02:27:05 Debug: Notice (8): Undefined variable: ssid in [F:\xampp\htdocs\QLCV_TTC\app\views\layouts\default.ctp, line 97]
2013-03-06 04:35:45 Debug: Notice (8): Undefined variable: ssid in [F:\xampp\htdocs\QLCV_TTC\app\views\layouts\default.ctp, line 97]
2013-03-06 04:39:24 Debug: Notice (8): Undefined variable: ssid in [F:\xampp\htdocs\QLCV_TTC\app\views\layouts\default.ctp, line 97]
2013-03-06 04:39:29 Debug: Notice (8): Undefined property: AclController::$User in [F:\xampp\htdocs\QLCV_TTC\app\app_controller.php, line 19]
2013-03-06 04:39:56 Debug: Notice (8): Undefined property: AclController::$User in [F:\xampp\htdocs\QLCV_TTC\app\app_controller.php, line 19]
2013-03-06 04:40:27 Debug: Notice (8): Undefined variable: ssid in [F:\xampp\htdocs\QLCV_TTC\app\views\layouts\default.ctp, line 97]
2013-03-06 04:40:29 Debug: Notice (8): Undefined variable: ssid in [F:\xampp\htdocs\QLCV_TTC\app\views\layouts\default.ctp, line 97]
2013-03-06 04:40:34 Debug: Notice (8): Undefined variable: ssid in [F:\xampp\htdocs\QLCV_TTC\app\views\layouts\default.ctp, line 97]
2013-03-06 04:42:06 Debug: Notice (8): Undefined variable: ssid in [F:\xampp\htdocs\QLCV_TTC\app\views\layouts\default.ctp, line 97]
2013-03-06 04:42:07 Debug: Notice (8): Undefined variable: ssid in [F:\xampp\htdocs\QLCV_TTC\app\views\layouts\default.ctp, line 97]
2013-03-06 04:42:28 Debug: Notice (8): Undefined variable: ssid in [F:\xampp\htdocs\QLCV_TTC\app\views\layouts\default.ctp, line 97]
2013-03-06 04:42:30 Debug: Notice (8): Undefined variable: ssid in [F:\xampp\htdocs\QLCV_TTC\app\views\layouts\default.ctp, line 97]
2013-03-06 04:42:43 Debug: Notice (8): Undefined variable: ssid in [F:\xampp\htdocs\QLCV_TTC\app\views\layouts\default.ctp, line 97]
2013-03-06 04:42:44 Debug: Notice (8): Undefined variable: ssid in [F:\xampp\htdocs\QLCV_TTC\app\views\layouts\default.ctp, line 97]
2013-03-06 04:42:48 Debug: Notice (8): Undefined variable: ssid in [F:\xampp\htdocs\QLCV_TTC\app\views\layouts\default.ctp, line 97]
2013-03-06 04:45:05 Debug: Notice (8): Undefined variable: ssid in [F:\xampp\htdocs\QLCV_TTC\app\views\layouts\default.ctp, line 97]
2013-03-06 04:45:21 Debug: Notice (8): Undefined variable: ssid in [F:\xampp\htdocs\QLCV_TTC\app\views\layouts\default.ctp, line 97]
2013-03-06 04:46:58 Debug: Notice (8): Undefined variable: ssid in [F:\xampp\htdocs\QLCV_TTC\app\views\layouts\default.ctp, line 97]
2013-03-06 04:48:26 Debug: Notice (8): Undefined variable: ssid in [F:\xampp\htdocs\QLCV_TTC\app\views\layouts\default.ctp, line 97]
2013-03-06 04:48:28 Debug: Notice (8): Undefined variable: ssid in [F:\xampp\htdocs\QLCV_TTC\app\views\layouts\default.ctp, line 97]
2013-03-06 04:48:40 Debug: Notice (8): Undefined variable: ssid in [F:\xampp\htdocs\QLCV_TTC\app\views\layouts\default.ctp, line 97]
2013-03-06 04:48:52 Debug: Notice (8): Undefined variable: ssid in [F:\xampp\htdocs\QLCV_TTC\app\views\layouts\default.ctp, line 97]
2013-03-06 04:49:18 Debug: Notice (8): Undefined variable: ssid in [F:\xampp\htdocs\QLCV_TTC\app\views\layouts\default.ctp, line 97]
2013-03-06 04:49:25 Debug: Notice (8): Undefined variable: ssid in [F:\xampp\htdocs\QLCV_TTC\app\views\layouts\default.ctp, line 97]
2013-03-06 04:49:26 Debug: Notice (8): Undefined variable: ssid in [F:\xampp\htdocs\QLCV_TTC\app\views\layouts\default.ctp, line 97]
2013-03-06 04:49:32 Debug: Notice (8): Undefined variable: ssid in [F:\xampp\htdocs\QLCV_TTC\app\views\layouts\default.ctp, line 97]
2013-03-06 04:54:32 Debug: Notice (8): Undefined variable: ssid in [F:\xampp\htdocs\QLCV_TTC\app\views\layouts\default.ctp, line 97]
2013-03-06 04:54:47 Debug: Notice (8): Undefined variable: ssid in [F:\xampp\htdocs\QLCV_TTC\app\views\layouts\default.ctp, line 97]
2013-03-06 04:56:07 Debug: Notice (8): Undefined variable: ssid in [F:\xampp\htdocs\QLCV_TTC\app\views\layouts\default.ctp, line 97]
2013-03-06 04:56:07 Debug: Notice (8): Undefined variable: ssid in [F:\xampp\htdocs\QLCV_TTC\app\views\layouts\default.ctp, line 97]
2013-03-06 04:56:07 Debug: Notice (8): Undefined variable: ssid in [F:\xampp\htdocs\QLCV_TTC\app\views\layouts\default.ctp, line 97]
2013-03-06 04:56:07 Debug: Notice (8): Undefined variable: ssid in [F:\xampp\htdocs\QLCV_TTC\app\views\layouts\default.ctp, line 97]
2013-03-06 04:56:07 Debug: Notice (8): Undefined variable: ssid in [F:\xampp\htdocs\QLCV_TTC\app\views\layouts\default.ctp, line 97]
2013-03-06 04:56:07 Debug: Notice (8): Undefined variable: ssid in [F:\xampp\htdocs\QLCV_TTC\app\views\layouts\default.ctp, line 97]
2013-03-06 04:56:07 Debug: Notice (8): Undefined variable: ssid in [F:\xampp\htdocs\QLCV_TTC\app\views\layouts\default.ctp, line 97]
2013-03-06 04:56:07 Debug: Notice (8): Undefined variable: ssid in [F:\xampp\htdocs\QLCV_TTC\app\views\layouts\default.ctp, line 97]
2013-03-06 04:56:07 Debug: Notice (8): Undefined variable: ssid in [F:\xampp\htdocs\QLCV_TTC\app\views\layouts\default.ctp, line 97]
2013-03-06 04:56:07 Debug: Notice (8): Undefined variable: ssid in [F:\xampp\htdocs\QLCV_TTC\app\views\layouts\default.ctp, line 97]
2013-03-06 04:56:08 Debug: Notice (8): Undefined variable: ssid in [F:\xampp\htdocs\QLCV_TTC\app\views\layouts\default.ctp, line 97]
2013-03-06 04:57:26 Debug: Notice (8): Undefined property: AclController::$User in [F:\xampp\htdocs\QLCV_TTC\app\app_controller.php, line 20]
2013-03-06 04:57:34 Debug: Notice (8): Undefined variable: ssid in [F:\xampp\htdocs\QLCV_TTC\app\views\layouts\default.ctp, line 97]
2013-03-06 04:57:35 Debug: Notice (8): Undefined variable: ssid in [F:\xampp\htdocs\QLCV_TTC\app\views\layouts\default.ctp, line 97]
2013-03-06 04:57:35 Debug: Notice (8): Undefined variable: ssid in [F:\xampp\htdocs\QLCV_TTC\app\views\layouts\default.ctp, line 97]
2013-03-06 04:57:35 Debug: Notice (8): Undefined variable: ssid in [F:\xampp\htdocs\QLCV_TTC\app\views\layouts\default.ctp, line 97]
2013-03-06 04:57:35 Debug: Notice (8): Undefined variable: ssid in [F:\xampp\htdocs\QLCV_TTC\app\views\layouts\default.ctp, line 97]
2013-03-06 04:57:35 Debug: Notice (8): Undefined variable: ssid in [F:\xampp\htdocs\QLCV_TTC\app\views\layouts\default.ctp, line 97]
2013-03-06 04:57:35 Debug: Notice (8): Undefined variable: ssid in [F:\xampp\htdocs\QLCV_TTC\app\views\layouts\default.ctp, line 97]
2013-03-06 04:57:35 Debug: Notice (8): Undefined variable: ssid in [F:\xampp\htdocs\QLCV_TTC\app\views\layouts\default.ctp, line 97]
2013-03-06 04:57:35 Debug: Notice (8): Undefined variable: ssid in [F:\xampp\htdocs\QLCV_TTC\app\views\layouts\default.ctp, line 97]
2013-03-06 04:57:35 Debug: Notice (8): Undefined variable: ssid in [F:\xampp\htdocs\QLCV_TTC\app\views\layouts\default.ctp, line 97]
2013-03-06 04:57:35 Debug: Notice (8): Undefined variable: ssid in [F:\xampp\htdocs\QLCV_TTC\app\views\layouts\default.ctp, line 97]
2013-03-06 04:58:33 Debug: Notice (8): Undefined variable: ssid in [F:\xampp\htdocs\QLCV_TTC\app\views\layouts\default.ctp, line 97]
2013-03-06 04:58:33 Debug: Notice (8): Undefined variable: ssid in [F:\xampp\htdocs\QLCV_TTC\app\views\layouts\default.ctp, line 97]
2013-03-06 04:58:33 Debug: Notice (8): Undefined variable: ssid in [F:\xampp\htdocs\QLCV_TTC\app\views\layouts\default.ctp, line 97]
2013-03-06 04:58:33 Debug: Notice (8): Undefined variable: ssid in [F:\xampp\htdocs\QLCV_TTC\app\views\layouts\default.ctp, line 97]
2013-03-06 04:58:33 Debug: Notice (8): Undefined variable: ssid in [F:\xampp\htdocs\QLCV_TTC\app\views\layouts\default.ctp, line 97]
2013-03-06 04:58:33 Debug: Notice (8): Undefined variable: ssid in [F:\xampp\htdocs\QLCV_TTC\app\views\layouts\default.ctp, line 97]
2013-03-06 04:58:33 Debug: Notice (8): Undefined variable: ssid in [F:\xampp\htdocs\QLCV_TTC\app\views\layouts\default.ctp, line 97]
2013-03-06 04:58:33 Debug: Notice (8): Undefined variable: ssid in [F:\xampp\htdocs\QLCV_TTC\app\views\layouts\default.ctp, line 97]
2013-03-06 04:58:33 Debug: Notice (8): Undefined variable: ssid in [F:\xampp\htdocs\QLCV_TTC\app\views\layouts\default.ctp, line 97]
2013-03-06 04:58:33 Debug: Notice (8): Undefined variable: ssid in [F:\xampp\htdocs\QLCV_TTC\app\views\layouts\default.ctp, line 97]
2013-03-06 04:58:34 Debug: Notice (8): Undefined variable: ssid in [F:\xampp\htdocs\QLCV_TTC\app\views\layouts\default.ctp, line 97]
2013-03-06 05:00:30 Debug: Notice (8): Undefined variable: ssid in [F:\xampp\htdocs\QLCV_TTC\app\views\layouts\default.ctp, line 97]
2013-03-06 05:00:30 Debug: Notice (8): Undefined variable: ssid in [F:\xampp\htdocs\QLCV_TTC\app\views\layouts\default.ctp, line 97]
2013-03-06 05:00:30 Debug: Notice (8): Undefined variable: ssid in [F:\xampp\htdocs\QLCV_TTC\app\views\layouts\default.ctp, line 97]
2013-03-06 05:00:30 Debug: Notice (8): Undefined variable: ssid in [F:\xampp\htdocs\QLCV_TTC\app\views\layouts\default.ctp, line 97]
2013-03-06 05:00:30 Debug: Notice (8): Undefined variable: ssid in [F:\xampp\htdocs\QLCV_TTC\app\views\layouts\default.ctp, line 97]
2013-03-06 05:00:30 Debug: Notice (8): Undefined variable: ssid in [F:\xampp\htdocs\QLCV_TTC\app\views\layouts\default.ctp, line 97]
2013-03-06 05:00:30 Debug: Notice (8): Undefined variable: ssid in [F:\xampp\htdocs\QLCV_TTC\app\views\layouts\default.ctp, line 97]
2013-03-06 05:00:30 Debug: Notice (8): Undefined variable: ssid in [F:\xampp\htdocs\QLCV_TTC\app\views\layouts\default.ctp, line 97]
2013-03-06 05:00:30 Debug: Notice (8): Undefined variable: ssid in [F:\xampp\htdocs\QLCV_TTC\app\views\layouts\default.ctp, line 97]
2013-03-06 05:00:30 Debug: Notice (8): Undefined variable: ssid in [F:\xampp\htdocs\QLCV_TTC\app\views\layouts\default.ctp, line 97]
2013-03-06 05:00:30 Debug: Notice (8): Undefined variable: ssid in [F:\xampp\htdocs\QLCV_TTC\app\views\layouts\default.ctp, line 97]
2013-03-06 05:02:55 Debug: Notice (8): Undefined variable: role_controller_permissions in [F:\xampp\htdocs\QLCV_TTC\app\plugins\acl\controllers\aros_controller.php, line 583]
2013-03-06 05:02:55 Debug: Notice (8): Undefined variable: role_controller_permissions in [F:\xampp\htdocs\QLCV_TTC\app\plugins\acl\controllers\aros_controller.php, line 583]
2013-03-06 05:02:55 Debug: Notice (8): Undefined variable: role_controller_permissions in [F:\xampp\htdocs\QLCV_TTC\app\plugins\acl\controllers\aros_controller.php, line 583]
2013-03-06 05:02:56 Debug: Notice (8): Undefined variable: role_controller_permissions in [F:\xampp\htdocs\QLCV_TTC\app\plugins\acl\controllers\aros_controller.php, line 583]
2013-03-06 05:02:56 Debug: Notice (8): Undefined variable: role_controller_permissions in [F:\xampp\htdocs\QLCV_TTC\app\plugins\acl\controllers\aros_controller.php, line 583]
2013-03-06 05:02:56 Debug: Notice (8): Undefined variable: role_controller_permissions in [F:\xampp\htdocs\QLCV_TTC\app\plugins\acl\controllers\aros_controller.php, line 583]
2013-03-06 05:02:56 Debug: Notice (8): Undefined variable: role_controller_permissions in [F:\xampp\htdocs\QLCV_TTC\app\plugins\acl\controllers\aros_controller.php, line 583]
2013-03-06 05:02:56 Debug: Notice (8): Undefined variable: role_controller_permissions in [F:\xampp\htdocs\QLCV_TTC\app\plugins\acl\controllers\aros_controller.php, line 583]
2013-03-06 05:02:56 Debug: Notice (8): Undefined variable: role_controller_permissions in [F:\xampp\htdocs\QLCV_TTC\app\plugins\acl\controllers\aros_controller.php, line 583]
2013-03-06 05:02:56 Debug: Notice (8): Undefined variable: ssid in [F:\xampp\htdocs\QLCV_TTC\app\views\layouts\default.ctp, line 97]
2013-03-06 05:02:56 Debug: Notice (8): Undefined variable: role_controller_permissions in [F:\xampp\htdocs\QLCV_TTC\app\plugins\acl\controllers\aros_controller.php, line 583]
2013-03-06 05:03:10 Debug: Notice (8): Undefined variable: role_controller_permissions in [F:\xampp\htdocs\QLCV_TTC\app\plugins\acl\controllers\aros_controller.php, line 583]
2013-03-06 05:03:10 Debug: Notice (8): Undefined variable: role_controller_permissions in [F:\xampp\htdocs\QLCV_TTC\app\plugins\acl\controllers\aros_controller.php, line 583]
2013-03-06 05:03:10 Debug: Notice (8): Undefined variable: role_controller_permissions in [F:\xampp\htdocs\QLCV_TTC\app\plugins\acl\controllers\aros_controller.php, line 583]
2013-03-06 05:03:10 Debug: Notice (8): Undefined variable: role_controller_permissions in [F:\xampp\htdocs\QLCV_TTC\app\plugins\acl\controllers\aros_controller.php, line 583]
2013-03-06 05:03:10 Debug: Notice (8): Undefined variable: role_controller_permissions in [F:\xampp\htdocs\QLCV_TTC\app\plugins\acl\controllers\aros_controller.php, line 583]
2013-03-06 05:03:10 Debug: Notice (8): Undefined variable: role_controller_permissions in [F:\xampp\htdocs\QLCV_TTC\app\plugins\acl\controllers\aros_controller.php, line 583]
2013-03-06 05:03:11 Debug: Notice (8): Undefined variable: role_controller_permissions in [F:\xampp\htdocs\QLCV_TTC\app\plugins\acl\controllers\aros_controller.php, line 583]
2013-03-06 05:03:11 Debug: Notice (8): Undefined variable: role_controller_permissions in [F:\xampp\htdocs\QLCV_TTC\app\plugins\acl\controllers\aros_controller.php, line 583]
2013-03-06 05:03:11 Debug: Notice (8): Undefined variable: ssid in [F:\xampp\htdocs\QLCV_TTC\app\views\layouts\default.ctp, line 97]
2013-03-06 05:03:11 Debug: Notice (8): Undefined variable: role_controller_permissions in [F:\xampp\htdocs\QLCV_TTC\app\plugins\acl\controllers\aros_controller.php, line 583]
2013-03-06 05:03:11 Debug: Notice (8): Undefined variable: role_controller_permissions in [F:\xampp\htdocs\QLCV_TTC\app\plugins\acl\controllers\aros_controller.php, line 583]
2013-03-06 05:06:50 Debug: Notice (8): Undefined variable: ssid in [F:\xampp\htdocs\QLCV_TTC\app\views\layouts\default.ctp, line 97]
2013-03-06 05:07:03 Debug: Notice (8): Undefined variable: ssid in [F:\xampp\htdocs\QLCV_TTC\app\views\layouts\default.ctp, line 97]
2013-03-06 05:07:09 Debug: Notice (8): Undefined variable: ssid in [F:\xampp\htdocs\QLCV_TTC\app\views\layouts\default.ctp, line 97]
2013-03-06 05:07:14 Debug: Notice (8): Undefined variable: ssid in [F:\xampp\htdocs\QLCV_TTC\app\views\layouts\default.ctp, line 97]
2013-03-06 05:07:19 Debug: Notice (8): Undefined variable: ssid in [F:\xampp\htdocs\QLCV_TTC\app\views\layouts\default.ctp, line 97]
2013-03-06 05:07:48 Debug: Notice (8): Undefined variable: ssid in [F:\xampp\htdocs\QLCV_TTC\app\views\layouts\default.ctp, line 97]
2013-03-06 05:07:50 Debug: Notice (8): Undefined variable: ssid in [F:\xampp\htdocs\QLCV_TTC\app\views\layouts\default.ctp, line 97]
2013-03-06 05:07:52 Debug: Notice (8): Undefined variable: ssid in [F:\xampp\htdocs\QLCV_TTC\app\views\layouts\default.ctp, line 97]
2013-03-06 05:07:53 Debug: Notice (8): Undefined variable: ssid in [F:\xampp\htdocs\QLCV_TTC\app\views\layouts\default.ctp, line 97]
2013-03-06 05:07:58 Debug: Notice (8): Undefined variable: ssid in [F:\xampp\htdocs\QLCV_TTC\app\views\layouts\default.ctp, line 97]
2013-03-06 05:08:17 Debug: Notice (8): Undefined variable: ssid in [F:\xampp\htdocs\QLCV_TTC\app\views\layouts\default.ctp, line 97]
2013-03-06 05:08:19 Debug: Notice (8): Undefined variable: ssid in [F:\xampp\htdocs\QLCV_TTC\app\views\layouts\default.ctp, line 97]
2013-03-06 05:08:45 Debug: Notice (8): Undefined variable: ssid in [F:\xampp\htdocs\QLCV_TTC\app\views\layouts\default.ctp, line 97]
2013-03-06 05:08:48 Debug: Notice (8): Undefined variable: ssid in [F:\xampp\htdocs\QLCV_TTC\app\views\layouts\default.ctp, line 97]
2013-03-06 05:08:55 Debug: Notice (8): Undefined variable: ssid in [F:\xampp\htdocs\QLCV_TTC\app\views\layouts\default.ctp, line 97]
2013-03-06 05:09:34 Debug: Notice (8): Undefined variable: ssid in [F:\xampp\htdocs\QLCV_TTC\app\views\layouts\default.ctp, line 97]
2013-03-06 05:10:21 Debug: Notice (8): Undefined variable: ssid in [F:\xampp\htdocs\QLCV_TTC\app\views\layouts\default.ctp, line 97]
2013-03-06 05:10:24 Debug: Notice (8): Undefined variable: ssid in [F:\xampp\htdocs\QLCV_TTC\app\views\layouts\default.ctp, line 97]
2013-03-06 05:11:53 Debug: Notice (8): Undefined variable: ssid in [F:\xampp\htdocs\QLCV_TTC\app\views\layouts\default.ctp, line 97]
2013-03-06 05:12:12 Debug: Notice (8): Undefined variable: ssid in [F:\xampp\htdocs\QLCV_TTC\app\views\layouts\default.ctp, line 97]
2013-03-06 05:12:38 Debug: Notice (8): Undefined variable: ssid in [F:\xampp\htdocs\QLCV_TTC\app\views\layouts\default.ctp, line 97]
2013-03-06 05:14:36 Debug: Notice (8): Undefined variable: ssid in [F:\xampp\htdocs\QLCV_TTC\app\views\layouts\default.ctp, line 97]
2013-03-06 05:14:43 Debug: Notice (8): Undefined variable: ssid in [F:\xampp\htdocs\QLCV_TTC\app\views\layouts\default.ctp, line 97]
2013-03-06 05:14:48 Debug: Notice (8): Undefined variable: ssid in [F:\xampp\htdocs\QLCV_TTC\app\views\layouts\default.ctp, line 97]
2013-03-06 05:14:54 Debug: Notice (8): Undefined variable: ssid in [F:\xampp\htdocs\QLCV_TTC\app\views\layouts\default.ctp, line 97]
2013-03-06 05:15:11 Debug: Notice (8): Undefined variable: ssid in [F:\xampp\htdocs\QLCV_TTC\app\views\layouts\default.ctp, line 97]
2013-03-06 05:16:08 Debug: Notice (8): Undefined variable: ssid in [F:\xampp\htdocs\QLCV_TTC\app\views\layouts\default.ctp, line 97]
2013-03-06 05:16:10 Debug: Notice (8): Undefined variable: ssid in [F:\xampp\htdocs\QLCV_TTC\app\views\layouts\default.ctp, line 97]
2013-03-06 05:16:13 Debug: Notice (8): Undefined variable: ssid in [F:\xampp\htdocs\QLCV_TTC\app\views\layouts\default.ctp, line 97]
2013-03-06 05:16:19 Debug: Notice (8): Undefined variable: ssid in [F:\xampp\htdocs\QLCV_TTC\app\views\layouts\default.ctp, line 97]
2013-03-06 05:16:27 Debug: Notice (8): Undefined variable: ssid in [F:\xampp\htdocs\QLCV_TTC\app\views\layouts\default.ctp, line 97]
2013-03-06 05:16:36 Debug: Notice (8): Undefined variable: ssid in [F:\xampp\htdocs\QLCV_TTC\app\views\layouts\default.ctp, line 97]
2013-03-06 05:16:44 Debug: Notice (8): Undefined variable: ssid in [F:\xampp\htdocs\QLCV_TTC\app\views\layouts\default.ctp, line 97]
2013-03-06 05:16:47 Debug: Notice (8): Undefined variable: ssid in [F:\xampp\htdocs\QLCV_TTC\app\views\layouts\default.ctp, line 97]
2013-03-06 05:18:58 Debug: Notice (8): Undefined variable: ssid in [F:\xampp\htdocs\QLCV_TTC\app\views\layouts\default.ctp, line 97]
2013-03-06 05:19:22 Debug: Notice (8): Undefined variable: ssid in [F:\xampp\htdocs\QLCV_TTC\app\views\layouts\default.ctp, line 97]
2013-03-06 05:23:15 Debug: Notice (8): Undefined variable: ssid in [F:\xampp\htdocs\QLCV_TTC\app\views\layouts\default.ctp, line 97]
2013-03-06 08:29:46 Debug: Notice (8): Undefined variable: ssid in [F:\xampp\htdocs\QLCV_TTC\app\views\layouts\default.ctp, line 97]
2013-03-06 08:45:46 Debug: Notice (8): Undefined variable: ssid in [F:\xampp\htdocs\QLCV_TTC\app\views\layouts\default.ctp, line 97]
2013-03-06 08:51:43 Debug: Notice (8): Undefined variable: ssid in [F:\xampp\htdocs\QLCV_TTC\app\views\layouts\default.ctp, line 97]
2013-03-06 08:51:45 Debug: Notice (8): Undefined variable: ssid in [F:\xampp\htdocs\QLCV_TTC\app\views\layouts\default.ctp, line 97]
2013-03-06 08:51:48 Debug: Notice (8): Undefined variable: ssid in [F:\xampp\htdocs\QLCV_TTC\app\views\layouts\default.ctp, line 97]
2013-03-06 08:51:56 Debug: Notice (8): Undefined variable: ssid in [F:\xampp\htdocs\QLCV_TTC\app\views\layouts\default.ctp, line 97]
2013-03-06 09:07:20 Debug: Notice (8): Undefined variable: ssid in [F:\xampp\htdocs\QLCV_TTC\app\views\layouts\default.ctp, line 97]
2013-03-06 09:23:25 Debug: Notice (8): Undefined variable: ssid in [F:\xampp\htdocs\QLCV_TTC\app\views\layouts\default.ctp, line 97]
2013-03-06 09:29:36 Debug: Notice (8): Undefined variable: ssid in [F:\xampp\htdocs\QLCV_TTC\app\views\layouts\default.ctp, line 97]
2013-03-06 10:00:53 Debug: Notice (8): Undefined variable: ssid in [F:\xampp\htdocs\QLCV_TTC\app\views\layouts\default.ctp, line 97]
2013-03-06 10:01:15 Debug: Notice (8): Undefined variable: ssid in [F:\xampp\htdocs\QLCV_TTC\app\views\layouts\default.ctp, line 97]
2013-03-06 10:01:20 Debug: Notice (8): Undefined variable: ssid in [F:\xampp\htdocs\QLCV_TTC\app\views\layouts\default.ctp, line 97]
2013-03-06 10:02:00 Debug: Notice (8): Undefined variable: ssid in [F:\xampp\htdocs\QLCV_TTC\app\views\layouts\default.ctp, line 97]
2013-03-06 10:02:02 Debug: Notice (8): Undefined variable: ssid in [F:\xampp\htdocs\QLCV_TTC\app\views\layouts\default.ctp, line 97]
2013-03-06 10:02:44 Debug: Notice (8): Undefined variable: ssid in [F:\xampp\htdocs\QLCV_TTC\app\views\layouts\default.ctp, line 97]
2013-03-06 10:03:37 Debug: Notice (8): Undefined variable: ssid in [F:\xampp\htdocs\QLCV_TTC\app\views\layouts\default.ctp, line 97]
2013-03-06 10:06:41 Debug: Notice (8): Undefined index: fullname in [F:\xampp\htdocs\QLCV_TTC\app\views\users\index.ctp, line 20]
2013-03-06 10:07:40 Debug: Notice (8): Undefined index: fullname in [F:\xampp\htdocs\QLCV_TTC\app\views\users\index.ctp, line 20]
2013-03-06 10:09:08 Debug: Notice (8): Undefined index: fullname in [F:\xampp\htdocs\QLCV_TTC\app\views\users\index.ctp, line 20]
2013-03-06 10:10:53 Debug: Notice (8): Undefined index: fullname in [F:\xampp\htdocs\QLCV_TTC\app\views\users\index.ctp, line 20]
2013-03-06 10:12:41 Debug: Notice (8): Undefined index: Position in [F:\xampp\htdocs\QLCV_TTC\app\views\users\index.ctp, line 18]
2013-03-06 10:13:48 Debug: Notice (8): Undefined index: Position in [F:\xampp\htdocs\QLCV_TTC\app\views\users\index.ctp, line 18]
2013-03-06 10:16:45 Debug: Notice (8): Undefined index: request in [F:\xampp\htdocs\QLCV_TTC\cake\libs\model\behaviors\acl.php, line 54]
2013-03-06 10:17:09 Debug: Notice (8): Undefined index: Position in [F:\xampp\htdocs\QLCV_TTC\app\views\users\index.ctp, line 18]
2013-03-06 10:27:42 Debug: Notice (8): Undefined variable: ssid in [F:\xampp\htdocs\QLCV_TTC\app\views\layouts\default.ctp, line 97]
2013-03-06 10:36:39 Debug: Notice (8): Undefined property: User::$Group in [F:\xampp\htdocs\QLCV_TTC\app\controllers\users_controller.php, line 71]
2013-03-06 10:38:33 Debug: Notice (8): Undefined variable: groups_id in [F:\xampp\htdocs\QLCV_TTC\app\views\users\edit.ctp, line 10]
2013-03-06 10:38:55 Debug: Notice (8): Undefined property: User::$Group in [F:\xampp\htdocs\QLCV_TTC\app\controllers\users_controller.php, line 71]
2013-03-06 10:39:19 Debug: Notice (8): Undefined variable: groups_id in [F:\xampp\htdocs\QLCV_TTC\app\views\users\edit.ctp, line 10]
2013-03-06 10:39:40 Debug: Notice (8): Undefined variable: ssid in [F:\xampp\htdocs\QLCV_TTC\app\views\layouts\default.ctp, line 97]
2013-03-06 10:40:13 Debug: Notice (8): Undefined variable: ssid in [F:\xampp\htdocs\QLCV_TTC\app\views\layouts\default.ctp, line 97]
2013-03-06 10:40:28 Debug: Notice (8): Undefined variable: ssid in [F:\xampp\htdocs\QLCV_TTC\app\views\layouts\default.ctp, line 97]
2013-03-06 10:43:17 Debug: Notice (8): Undefined variable: ssid in [F:\xampp\htdocs\QLCV_TTC\app\views\layouts\default.ctp, line 97]
2013-03-06 10:43:32 Debug: Notice (8): Undefined variable: ssid in [F:\xampp\htdocs\QLCV_TTC\app\views\layouts\default.ctp, line 97]
2013-03-06 10:43:54 Debug: Notice (8): Undefined variable: ssid in [F:\xampp\htdocs\QLCV_TTC\app\views\layouts\default.ctp, line 97]
2013-03-06 10:44:41 Debug: Notice (8): Undefined variable: ssid in [F:\xampp\htdocs\QLCV_TTC\app\views\layouts\default.ctp, line 97]
2013-03-06 12:45:09 Debug: Notice (8): Undefined variable: ssid in [F:\xampp\htdocs\QLCV_TTC\app\views\layouts\default.ctp, line 97]
2013-03-06 12:45:10 Debug: Notice (8): Undefined variable: ssid in [F:\xampp\htdocs\QLCV_TTC\app\views\layouts\default.ctp, line 97]
2013-03-06 12:45:14 Debug: Notice (8): Undefined variable: ssid in [F:\xampp\htdocs\QLCV_TTC\app\views\layouts\default.ctp, line 97]
2013-03-06 12:45:15 Debug: Notice (8): Undefined variable: ssid in [F:\xampp\htdocs\QLCV_TTC\app\views\layouts\default.ctp, line 97]
2013-03-06 12:45:18 Debug: Notice (8): Undefined variable: ssid in [F:\xampp\htdocs\QLCV_TTC\app\views\layouts\default.ctp, line 97]
2013-03-06 12:45:22 Debug: Notice (8): Undefined variable: ssid in [F:\xampp\htdocs\QLCV_TTC\app\views\layouts\default.ctp, line 97]
2013-03-06 12:45:25 Debug: Notice (8): Undefined variable: ssid in [F:\xampp\htdocs\QLCV_TTC\app\views\layouts\default.ctp, line 97]
2013-03-06 12:45:25 Debug: Notice (8): Undefined variable: ssid in [F:\xampp\htdocs\QLCV_TTC\app\views\layouts\default.ctp, line 97]
2013-03-06 12:45:27 Debug: Notice (8): Undefined variable: ssid in [F:\xampp\htdocs\QLCV_TTC\app\views\layouts\default.ctp, line 97]
2013-03-06 12:45:28 Debug: Notice (8): Undefined variable: ssid in [F:\xampp\htdocs\QLCV_TTC\app\views\layouts\default.ctp, line 97]
2013-03-06 12:45:30 Debug: Notice (8): Undefined variable: ssid in [F:\xampp\htdocs\QLCV_TTC\app\views\layouts\default.ctp, line 97]
2013-03-06 12:45:30 Debug: Notice (8): Undefined variable: ssid in [F:\xampp\htdocs\QLCV_TTC\app\views\layouts\default.ctp, line 97]
2013-03-06 12:45:56 Debug: Notice (8): Undefined variable: ssid in [F:\xampp\htdocs\QLCV_TTC\app\views\layouts\default.ctp, line 97]
2013-03-06 12:45:57 Debug: Notice (8): Undefined variable: ssid in [F:\xampp\htdocs\QLCV_TTC\app\views\layouts\default.ctp, line 97]
2013-03-06 12:45:59 Debug: Notice (8): Undefined variable: ssid in [F:\xampp\htdocs\QLCV_TTC\app\views\layouts\default.ctp, line 97]
2013-03-06 12:46:04 Debug: Notice (8): Undefined variable: ssid in [F:\xampp\htdocs\QLCV_TTC\app\views\layouts\default.ctp, line 97]
2013-03-06 12:46:33 Debug: Notice (8): Undefined variable: role_controller_permissions in [F:\xampp\htdocs\QLCV_TTC\app\plugins\acl\controllers\aros_controller.php, line 583]
2013-03-06 12:46:33 Debug: Notice (8): Undefined variable: role_controller_permissions in [F:\xampp\htdocs\QLCV_TTC\app\plugins\acl\controllers\aros_controller.php, line 583]
2013-03-06 12:46:33 Debug: Notice (8): Undefined variable: role_controller_permissions in [F:\xampp\htdocs\QLCV_TTC\app\plugins\acl\controllers\aros_controller.php, line 583]
2013-03-06 12:46:33 Debug: Notice (8): Undefined variable: role_controller_permissions in [F:\xampp\htdocs\QLCV_TTC\app\plugins\acl\controllers\aros_controller.php, line 583]
2013-03-06 12:46:33 Debug: Notice (8): Undefined variable: role_controller_permissions in [F:\xampp\htdocs\QLCV_TTC\app\plugins\acl\controllers\aros_controller.php, line 583]
2013-03-06 12:46:33 Debug: Notice (8): Undefined variable: ssid in [F:\xampp\htdocs\QLCV_TTC\app\views\layouts\default.ctp, line 97]
2013-03-06 12:46:34 Debug: Notice (8): Undefined variable: role_controller_permissions in [F:\xampp\htdocs\QLCV_TTC\app\plugins\acl\controllers\aros_controller.php, line 583]
2013-03-06 12:46:54 Debug: Notice (8): Undefined variable: ssid in [F:\xampp\htdocs\QLCV_TTC\app\views\layouts\default.ctp, line 97]
2013-03-06 12:46:56 Debug: Notice (8): Undefined variable: ssid in [F:\xampp\htdocs\QLCV_TTC\app\views\layouts\default.ctp, line 97]
2013-03-06 12:47:03 Debug: Notice (8): Undefined variable: ssid in [F:\xampp\htdocs\QLCV_TTC\app\views\layouts\default.ctp, line 97]
2013-03-06 12:47:05 Debug: Notice (8): Undefined variable: ssid in [F:\xampp\htdocs\QLCV_TTC\app\views\layouts\default.ctp, line 97]
2013-03-06 12:47:07 Debug: Notice (8): Undefined variable: ssid in [F:\xampp\htdocs\QLCV_TTC\app\views\layouts\default.ctp, line 97]
2013-03-06 12:47:12 Debug: Notice (8): Undefined variable: ssid in [F:\xampp\htdocs\QLCV_TTC\app\views\layouts\default.ctp, line 97]
2013-03-06 12:47:40 Debug: Notice (8): Undefined variable: ssid in [F:\xampp\htdocs\QLCV_TTC\app\views\layouts\default.ctp, line 97]
2013-03-06 12:47:43 Debug: Notice (8): Undefined variable: ssid in [F:\xampp\htdocs\QLCV_TTC\app\views\layouts\default.ctp, line 97]
2013-03-06 12:47:51 Debug: Notice (8): Undefined variable: ssid in [F:\xampp\htdocs\QLCV_TTC\app\views\layouts\default.ctp, line 97]
2013-03-06 12:47:56 Debug: Notice (8): Undefined variable: ssid in [F:\xampp\htdocs\QLCV_TTC\app\views\layouts\default.ctp, line 97]
2013-03-06 12:48:07 Debug: Notice (8): Undefined variable: ssid in [F:\xampp\htdocs\QLCV_TTC\app\views\layouts\default.ctp, line 97]
2013-03-06 12:48:29 Debug: Notice (8): Undefined variable: ssid in [F:\xampp\htdocs\QLCV_TTC\app\views\layouts\default.ctp, line 97]
2013-03-06 14:48:59 Debug: Notice (8): Undefined variable: ssid in [F:\xampp\htdocs\QLCV_TTC\app\views\layouts\default.ctp, line 97]
2013-03-07 02:16:59 Debug: Notice (8): Undefined variable: ssid in [F:\xampp\htdocs\QLCV_TTC\app\views\layouts\default.ctp, line 97]
2013-03-07 02:21:03 Debug: Notice (8): Object of class UsersController to string conversion in [F:\xampp\htdocs\QLCV_TTC\app\controllers\users_controller.php, line 6]
2013-03-07 02:21:03 Debug: Notice (8): Undefined variable: Object in [F:\xampp\htdocs\QLCV_TTC\app\controllers\users_controller.php, line 6]
2013-03-07 02:21:03 Debug: Notice (8): Trying to get property of non-object in [F:\xampp\htdocs\QLCV_TTC\app\controllers\users_controller.php, line 6]
2013-03-07 02:25:54 Debug: Notice (8): Undefined variable: ssid in [F:\xampp\htdocs\QLCV_TTC\app\views\layouts\default.ctp, line 97]
2013-03-07 03:22:20 Debug: Notice (8): Undefined variable: ssid in [F:\xampp\htdocs\QLCV_TTC\app\views\layouts\default.ctp, line 97]
2013-03-07 04:02:34 Debug: Notice (8): Undefined variable: ssid in [F:\xampp\htdocs\QLCV_TTC\app\views\layouts\default.ctp, line 97]
2013-03-07 04:02:50 Debug: Notice (8): Undefined variable: ssid in [F:\xampp\htdocs\QLCV_TTC\app\views\layouts\default.ctp, line 97]
2013-03-07 04:09:38 Debug: Notice (8): Undefined variable: ssid in [F:\xampp\htdocs\QLCV_TTC\app\views\layouts\default.ctp, line 97]
2013-03-07 04:10:37 Debug: Notice (8): Undefined variable: ssid in [F:\xampp\htdocs\QLCV_TTC\app\views\layouts\default.ctp, line 97]
2013-03-07 04:11:02 Debug: Notice (8): Undefined variable: ssid in [F:\xampp\htdocs\QLCV_TTC\app\views\layouts\default.ctp, line 97]
2013-03-07 04:11:04 Debug: Notice (8): Undefined variable: ssid in [F:\xampp\htdocs\QLCV_TTC\app\views\layouts\default.ctp, line 97]
2013-03-07 04:11:11 Debug: Notice (8): Undefined variable: ssid in [F:\xampp\htdocs\QLCV_TTC\app\views\layouts\default.ctp, line 97]
2013-03-07 04:11:40 Debug: Notice (8): Undefined variable: ssid in [F:\xampp\htdocs\QLCV_TTC\app\views\layouts\default.ctp, line 97]
2013-03-07 04:13:19 Debug: Notice (8): Undefined variable: ssid in [F:\xampp\htdocs\QLCV_TTC\app\views\layouts\default.ctp, line 97]
2013-03-07 04:13:56 Debug: Notice (8): Undefined variable: ssid in [F:\xampp\htdocs\QLCV_TTC\app\views\layouts\default.ctp, line 97]
2013-03-07 04:14:43 Debug: Notice (8): Undefined variable: ssid in [F:\xampp\htdocs\QLCV_TTC\app\views\layouts\default.ctp, line 97]
2013-03-07 04:19:57 Debug: Notice (8): Undefined variable: ssid in [F:\xampp\htdocs\QLCV_TTC\app\views\layouts\default.ctp, line 97]
2013-03-07 04:23:09 Debug: Notice (8): Undefined variable: str in [F:\xampp\htdocs\QLCV_TTC\app\controllers\users_controller.php, line 92]
2013-03-07 04:24:13 Debug: Notice (8): Undefined variable: str in [F:\xampp\htdocs\QLCV_TTC\app\controllers\users_controller.php, line 92]
2013-03-07 04:25:32 Debug: Notice (8): Undefined variable: str in [F:\xampp\htdocs\QLCV_TTC\app\controllers\users_controller.php, line 92]
2013-03-07 04:57:23 Debug: Notice (8): Undefined variable: ssid in [F:\xampp\htdocs\QLCV_TTC\app\views\layouts\default.ctp, line 97]
2013-03-07 05:04:09 Debug: Notice (8): Undefined variable: ssid in [F:\xampp\htdocs\QLCV_TTC\app\views\layouts\default.ctp, line 97]
2013-03-07 05:04:53 Debug: Notice (8): Undefined variable: ssid in [F:\xampp\htdocs\QLCV_TTC\app\views\layouts\default.ctp, line 97]
2013-03-07 05:05:16 Debug: Notice (8): Undefined variable: ssid in [F:\xampp\htdocs\QLCV_TTC\app\views\layouts\default.ctp, line 97]
2013-03-07 05:05:31 Debug: Notice (8): Undefined variable: ssid in [F:\xampp\htdocs\QLCV_TTC\app\views\layouts\default.ctp, line 97]
2013-03-07 05:05:59 Debug: Notice (8): Undefined variable: ssid in [F:\xampp\htdocs\QLCV_TTC\app\views\layouts\default.ctp, line 97]
2013-03-07 05:07:25 Debug: Notice (8): Undefined index: Positions in [F:\xampp\htdocs\QLCV_TTC\app\views\users\index.ctp, line 18]
2013-03-07 05:07:30 Debug: Notice (8): Undefined variable: ssid in [F:\xampp\htdocs\QLCV_TTC\app\views\layouts\default.ctp, line 97]
2013-03-07 05:08:45 Debug: Notice (8): Undefined variable: ssid in [F:\xampp\htdocs\QLCV_TTC\app\views\layouts\default.ctp, line 97]
2013-03-07 05:09:23 Debug: Notice (8): Undefined index: Positions in [F:\xampp\htdocs\QLCV_TTC\app\views\users\index.ctp, line 18]
2013-03-07 05:14:41 Debug: Notice (8): Undefined variable: ssid in [F:\xampp\htdocs\QLCV_TTC\app\views\layouts\default.ctp, line 97]
2013-03-07 05:19:45 Debug: Notice (8): Undefined variable: ssid in [F:\xampp\htdocs\QLCV_TTC\app\views\layouts\default.ctp, line 97]
2013-03-07 05:20:07 Debug: Notice (8): Undefined variable: ssid in [F:\xampp\htdocs\QLCV_TTC\app\views\layouts\default.ctp, line 97]
2013-03-07 05:20:16 Debug: Notice (8): Undefined variable: ssid in [F:\xampp\htdocs\QLCV_TTC\app\views\layouts\default.ctp, line 97]
2013-03-07 05:20:27 Debug: Notice (8): Undefined variable: ssid in [F:\xampp\htdocs\QLCV_TTC\app\views\layouts\default.ctp, line 97]
2013-03-07 05:20:40 Debug: Notice (8): Undefined variable: ssid in [F:\xampp\htdocs\QLCV_TTC\app\views\layouts\default.ctp, line 97]
2013-03-07 05:26:05 Debug: Notice (8): Undefined variable: ssid in [F:\xampp\htdocs\QLCV_TTC\app\views\layouts\default.ctp, line 97]
2013-03-07 05:26:46 Debug: Notice (8): Undefined variable: ssid in [F:\xampp\htdocs\QLCV_TTC\app\views\layouts\default.ctp, line 97]
2013-03-07 05:26:54 Debug: Notice (8): Undefined variable: ssid in [F:\xampp\htdocs\QLCV_TTC\app\views\layouts\default.ctp, line 97]
2013-03-07 05:27:21 Debug: Notice (8): Undefined variable: ssid in [F:\xampp\htdocs\QLCV_TTC\app\views\layouts\default.ctp, line 97]
2013-03-07 05:27:24 Debug: Notice (8): Undefined variable: ssid in [F:\xampp\htdocs\QLCV_TTC\app\views\layouts\default.ctp, line 97]
2013-03-07 05:27:42 Debug: Notice (8): Undefined variable: ssid in [F:\xampp\htdocs\QLCV_TTC\app\views\layouts\default.ctp, line 97]
2013-03-07 05:28:46 Debug: Notice (8): Undefined variable: ssid in [F:\xampp\htdocs\QLCV_TTC\app\views\layouts\default.ctp, line 97]
2013-03-07 05:28:59 Debug: Notice (8): Undefined variable: ssid in [F:\xampp\htdocs\QLCV_TTC\app\views\layouts\default.ctp, line 97]
2013-03-07 05:29:11 Debug: Notice (8): Undefined variable: ssid in [F:\xampp\htdocs\QLCV_TTC\app\views\layouts\default.ctp, line 97]
2013-03-07 05:29:29 Debug: Notice (8): Undefined variable: ssid in [F:\xampp\htdocs\QLCV_TTC\app\views\layouts\default.ctp, line 97]
